andenginebox2dlibrary/AndEnginePhysicsBox2DExtension-GLES2-AnchorCenter/build/outputs/logs/manifest-merger-debug-report.txt
-- Merging decision tree log ---
manifest
ADDED from andenginebox2dlibrary\AndEnginePhysicsBox2DExtension-GLES2-AnchorCenter\AndroidManifest.xml:2:1-11:12
INJECTED from andenginebox2dlibrary\AndEnginePhysicsBox2DExtension-GLES2-AnchorCenter\AndroidManifest.xml:2:1-11:12
INJECTED from andenginebox2dlibrary\AndEnginePhysicsBox2DExtension-GLES2-AnchorCenter\AndroidManifest.xml:2:1-11:12
INJECTED from andenginebox2dlibrary\AndEnginePhysicsBox2DExtension-GLES2-AnchorCenter\AndroidManifest.xml:2:1-11:12
INJECTED from andenginebox2dlibrary\AndEnginePhysicsBox2DExtension-GLES2-AnchorCenter\AndroidManifest.xml:2:1-11:12
INJECTED from andenginebox2dlibrary\AndEnginePhysicsBox2DExtension-GLES2-AnchorCenter\AndroidManifest.xml:2:1-11:12
INJECTED from andenginebox2dlibrary\AndEnginePhysicsBox2DExtension-GLES2-AnchorCenter\AndroidManifest.xml:2:1-11:12
	package
		ADDED from andenginebox2dlibrary\AndEnginePhysicsBox2DExtension-GLES2-AnchorCenter\AndroidManifest.xml:3:5-52
		INJECTED from andenginebox2dlibrary\AndEnginePhysicsBox2DExtension-GLES2-AnchorCenter\AndroidManifest.xml
		INJECTED from andenginebox2dlibrary\AndEnginePhysicsBox2DExtension-GLES2-AnchorCenter\AndroidManifest.xml
	android:versionName
		ADDED from andenginebox2dlibrary\AndEnginePhysicsBox2DExtension-GLES2-AnchorCenter\AndroidManifest.xml:5:5-30
		INJECTED from andenginebox2dlibrary\AndEnginePhysicsBox2DExtension-GLES2-AnchorCenter\AndroidManifest.xml
		INJECTED from andenginebox2dlibrary\AndEnginePhysicsBox2DExtension-GLES2-AnchorCenter\AndroidManifest.xml
	xmlns:android
		ADDED from andenginebox2dlibrary\AndEnginePhysicsBox2DExtension-GLES2-AnchorCenter\AndroidManifest.xml:2:11-69
	android:versionCode
		ADDED from andenginebox2dlibrary\AndEnginePhysicsBox2DExtension-GLES2-AnchorCenter\AndroidManifest.xml:4:5-28
		INJECTED from andenginebox2dlibrary\AndEnginePhysicsBox2DExtension-GLES2-AnchorCenter\AndroidManifest.xml
		INJECTED from andenginebox2dlibrary\AndEnginePhysicsBox2DExtension-GLES2-AnchorCenter\AndroidManifest.xml
uses-sdk
ADDED from andenginebox2dlibrary\AndEnginePhysicsBox2DExtension-GLES2-AnchorCenter\AndroidManifest.xml:7:5-9:40
INJECTED from andenginebox2dlibrary\AndEnginePhysicsBox2DExtension-GLES2-AnchorCenter\AndroidManifest.xml:7:5-9:40
INJECTED from andenginebox2dlibrary\AndEnginePhysicsBox2DExtension-GLES2-AnchorCenter\AndroidManifest.xml:7:5-9:40
INJECTED from andenginebox2dlibrary\AndEnginePhysicsBox2DExtension-GLES2-AnchorCenter\AndroidManifest.xml:7:5-9:40
INJECTED from andenginebox2dlibrary\AndEnginePhysicsBox2DExtension-GLES2-AnchorCenter\AndroidManifest.xml:7:5-9:40
	android:targetSdkVersion
		ADDED from andenginebox2dlibrary\AndEnginePhysicsBox2DExtension-GLES2-AnchorCenter\AndroidManifest.xml:9:9-37
		INJECTED from andenginebox2dlibrary\AndEnginePhysicsBox2DExtension-GLES2-AnchorCenter\AndroidManifest.xml
		INJECTED from andenginebox2dlibrary\AndEnginePhysicsBox2DExtension-GLES2-AnchorCenter\AndroidManifest.xml
	android:minSdkVersion
		ADDED from andenginebox2dlibrary\AndEnginePhysicsBox2DExtension-GLES2-AnchorCenter\AndroidManifest.xml:8:9-34
		INJECTED from andenginebox2dlibrary\AndEnginePhysicsBox2DExtension-GLES2-AnchorCenter\AndroidManifest.xml
		INJECTED from andenginebox2dlibrary\AndEnginePhysicsBox2DExtension-GLES2-AnchorCenter\AndroidManifest.xml
application
ADDED from andenginebox2dlibrary\AndEnginePhysicsBox2DExtension-GLES2-AnchorCenter\AndroidManifest.xml:10:5-20